CRITICAL - 2021-04-13 17:19:46 --> Required parameter $from follows optional parameter $verbs
#0 F:\xampp\htdocs\ci4loginpanel\vendor\codeigniter4\framework\system\Autoloader\Autoloader.php(365): CodeIgniter\Debug\Exceptions->errorHandler(8192, 'Required parame...', 'F:\\xampp\\htdocs...', 1018)
#1 F:\xampp\htdocs\ci4loginpanel\vendor\codeigniter4\framework\system\Autoloader\Autoloader.php(365): require_once()
#2 F:\xampp\htdocs\ci4loginpanel\vendor\codeigniter4\framework\system\Autoloader\Autoloader.php(296): CodeIgniter\Autoloader\Autoloader->requireFile('F:\\xampp\\htdocs...')
#3 F:\xampp\htdocs\ci4loginpanel\vendor\codeigniter4\framework\system\Autoloader\Autoloader.php(258): CodeIgniter\Autoloader\Autoloader->loadInNamespace('CodeIgniter\\Rou...')
#4 F:\xampp\htdocs\ci4loginpanel\vendor\codeigniter4\framework\system\Config\Services.php(684): CodeIgniter\Autoloader\Autoloader->loadClass('CodeIgniter\\Rou...')
#5 F:\xampp\htdocs\ci4loginpanel\vendor\codeigniter4\framework\system\Config\BaseService.php(123): CodeIgniter\Config\Services::routes(false)
#6 F:\xampp\htdocs\ci4loginpanel\vendor\codeigniter4\framework\system\Config\Services.php(681): CodeIgniter\Config\BaseService::getSharedInstance('routes')
#7 F:\xampp\htdocs\ci4loginpanel\app\Config\Routes.php(4): CodeIgniter\Config\Services::routes(true)
#8 F:\xampp\htdocs\ci4loginpanel\vendor\codeigniter4\framework\system\CodeIgniter.php(772): require('F:\\xampp\\htdocs...')
#9 F:\xampp\htdocs\ci4loginpanel\vendor\codeigniter4\framework\system\CodeIgniter.php(358): CodeIgniter\CodeIgniter->tryToRouteIt(NULL)
#10 F:\xampp\htdocs\ci4loginpanel\vendor\codeigniter4\framework\system\CodeIgniter.php(306): CodeIgniter\CodeIgniter->handleRequest(NULL, Object(Config\Cache), false)
#11 F:\xampp\htdocs\ci4loginpanel\vendor\codeigniter4\framework\system\CLI\Console.php(86): CodeIgniter\CodeIgniter->run()
#12 F:\xampp\htdocs\ci4loginpanel\spark(57): CodeIgniter\CLI\Console->run()
#13 {main}
CRITICAL - 2021-04-13 17:21:06 --> Required parameter $from follows optional parameter $verbs
#0 F:\xampp\htdocs\ci4loginpanel\vendor\codeigniter4\framework\system\Autoloader\Autoloader.php(365): CodeIgniter\Debug\Exceptions->errorHandler(8192, 'Required parame...', 'F:\\xampp\\htdocs...', 1018)
#1 F:\xampp\htdocs\ci4loginpanel\vendor\codeigniter4\framework\system\Autoloader\Autoloader.php(365): require_once()
#2 F:\xampp\htdocs\ci4loginpanel\vendor\codeigniter4\framework\system\Autoloader\Autoloader.php(296): CodeIgniter\Autoloader\Autoloader->requireFile('F:\\xampp\\htdocs...')
#3 F:\xampp\htdocs\ci4loginpanel\vendor\codeigniter4\framework\system\Autoloader\Autoloader.php(258): CodeIgniter\Autoloader\Autoloader->loadInNamespace('CodeIgniter\\Rou...')
#4 F:\xampp\htdocs\ci4loginpanel\vendor\codeigniter4\framework\system\Config\Services.php(684): CodeIgniter\Autoloader\Autoloader->loadClass('CodeIgniter\\Rou...')
#5 F:\xampp\htdocs\ci4loginpanel\vendor\codeigniter4\framework\system\Config\BaseService.php(123): CodeIgniter\Config\Services::routes(false)
#6 F:\xampp\htdocs\ci4loginpanel\vendor\codeigniter4\framework\system\Config\Services.php(681): CodeIgniter\Config\BaseService::getSharedInstance('routes')
#7 F:\xampp\htdocs\ci4loginpanel\app\Config\Routes.php(4): CodeIgniter\Config\Services::routes(true)
#8 F:\xampp\htdocs\ci4loginpanel\vendor\codeigniter4\framework\system\CodeIgniter.php(772): require('F:\\xampp\\htdocs...')
#9 F:\xampp\htdocs\ci4loginpanel\vendor\codeigniter4\framework\system\CodeIgniter.php(358): CodeIgniter\CodeIgniter->tryToRouteIt(NULL)
#10 F:\xampp\htdocs\ci4loginpanel\vendor\codeigniter4\framework\system\CodeIgniter.php(306): CodeIgniter\CodeIgniter->handleRequest(NULL, Object(Config\Cache), false)
#11 F:\xampp\htdocs\ci4loginpanel\public\index.php(45): CodeIgniter\CodeIgniter->run()
#12 {main}
CRITICAL - 2021-04-13 17:22:20 --> Required parameter $from follows optional parameter $verbs
#0 F:\xampp\htdocs\ci4loginpanel\vendor\codeigniter4\framework\system\Autoloader\Autoloader.php(365): CodeIgniter\Debug\Exceptions->errorHandler(8192, 'Required parame...', 'F:\\xampp\\htdocs...', 1018)
#1 F:\xampp\htdocs\ci4loginpanel\vendor\codeigniter4\framework\system\Autoloader\Autoloader.php(365): require_once()
#2 F:\xampp\htdocs\ci4loginpanel\vendor\codeigniter4\framework\system\Autoloader\Autoloader.php(296): CodeIgniter\Autoloader\Autoloader->requireFile('F:\\xampp\\htdocs...')
#3 F:\xampp\htdocs\ci4loginpanel\vendor\codeigniter4\framework\system\Autoloader\Autoloader.php(258): CodeIgniter\Autoloader\Autoloader->loadInNamespace('CodeIgniter\\Rou...')
#4 F:\xampp\htdocs\ci4loginpanel\vendor\codeigniter4\framework\system\Config\Services.php(684): CodeIgniter\Autoloader\Autoloader->loadClass('CodeIgniter\\Rou...')
#5 F:\xampp\htdocs\ci4loginpanel\vendor\codeigniter4\framework\system\Config\BaseService.php(123): CodeIgniter\Config\Services::routes(false)
#6 F:\xampp\htdocs\ci4loginpanel\vendor\codeigniter4\framework\system\Config\Services.php(681): CodeIgniter\Config\BaseService::getSharedInstance('routes')
#7 F:\xampp\htdocs\ci4loginpanel\app\Config\Routes.php(4): CodeIgniter\Config\Services::routes(true)
#8 F:\xampp\htdocs\ci4loginpanel\vendor\codeigniter4\framework\system\CodeIgniter.php(772): require('F:\\xampp\\htdocs...')
#9 F:\xampp\htdocs\ci4loginpanel\vendor\codeigniter4\framework\system\CodeIgniter.php(358): CodeIgniter\CodeIgniter->tryToRouteIt(NULL)
#10 F:\xampp\htdocs\ci4loginpanel\vendor\codeigniter4\framework\system\CodeIgniter.php(306): CodeIgniter\CodeIgniter->handleRequest(NULL, Object(Config\Cache), false)
#11 F:\xampp\htdocs\ci4loginpanel\vendor\codeigniter4\framework\system\CLI\Console.php(86): CodeIgniter\CodeIgniter->run()
#12 F:\xampp\htdocs\ci4loginpanel\spark(57): CodeIgniter\CLI\Console->run()
#13 {main}
CRITICAL - 2021-04-13 17:26:15 --> Required parameter $from follows optional parameter $verbs
#0 F:\xampp\htdocs\ci4loginpanel\vendor\codeigniter4\framework\system\Autoloader\Autoloader.php(365): CodeIgniter\Debug\Exceptions->errorHandler(8192, 'Required parame...', 'F:\\xampp\\htdocs...', 1018)
#1 F:\xampp\htdocs\ci4loginpanel\vendor\codeigniter4\framework\system\Autoloader\Autoloader.php(365): require_once()
#2 F:\xampp\htdocs\ci4loginpanel\vendor\codeigniter4\framework\system\Autoloader\Autoloader.php(296): CodeIgniter\Autoloader\Autoloader->requireFile('F:\\xampp\\htdocs...')
#3 F:\xampp\htdocs\ci4loginpanel\vendor\codeigniter4\framework\system\Autoloader\Autoloader.php(258): CodeIgniter\Autoloader\Autoloader->loadInNamespace('CodeIgniter\\Rou...')
#4 F:\xampp\htdocs\ci4loginpanel\vendor\codeigniter4\framework\system\Config\Services.php(684): CodeIgniter\Autoloader\Autoloader->loadClass('CodeIgniter\\Rou...')
#5 F:\xampp\htdocs\ci4loginpanel\vendor\codeigniter4\framework\system\Config\BaseService.php(123): CodeIgniter\Config\Services::routes(false)
#6 F:\xampp\htdocs\ci4loginpanel\vendor\codeigniter4\framework\system\Config\Services.php(681): CodeIgniter\Config\BaseService::getSharedInstance('routes')
#7 F:\xampp\htdocs\ci4loginpanel\app\Config\Routes.php(4): CodeIgniter\Config\Services::routes(true)
#8 F:\xampp\htdocs\ci4loginpanel\vendor\codeigniter4\framework\system\CodeIgniter.php(772): require('F:\\xampp\\htdocs...')
#9 F:\xampp\htdocs\ci4loginpanel\vendor\codeigniter4\framework\system\CodeIgniter.php(358): CodeIgniter\CodeIgniter->tryToRouteIt(NULL)
#10 F:\xampp\htdocs\ci4loginpanel\vendor\codeigniter4\framework\system\CodeIgniter.php(306): CodeIgniter\CodeIgniter->handleRequest(NULL, Object(Config\Cache), false)
#11 F:\xampp\htdocs\ci4loginpanel\vendor\codeigniter4\framework\system\CLI\Console.php(86): CodeIgniter\CodeIgniter->run()
#12 F:\xampp\htdocs\ci4loginpanel\spark(57): CodeIgniter\CLI\Console->run()
#13 {main}
