CRITICAL - 2021-04-22 14:22:41 --> syntax error, unexpected '}', expecting ';'
#0 F:\xampp\htdocs\uralv3\vendor\codeigniter4\framework\system\Autoloader\Autoloader.php(296): CodeIgniter\Autoloader\Autoloader->requireFile('F:\\xampp\\htdocs...')
#1 F:\xampp\htdocs\uralv3\vendor\codeigniter4\framework\system\Autoloader\Autoloader.php(258): CodeIgniter\Autoloader\Autoloader->loadInNamespace('App\\Models\\Supe...')
#2 [internal function]: CodeIgniter\Autoloader\Autoloader->loadClass('App\\Models\\Supe...')
#3 F:\xampp\htdocs\uralv3\app\Controllers\MerchantSuperAdmin.php(22): spl_autoload_call('App\\Models\\Supe...')
#4 F:\xampp\htdocs\uralv3\vendor\codeigniter4\framework\system\CodeIgniter.php(910): App\Controllers\MerchantSuperAdmin->view_merchant()
#5 F:\xampp\htdocs\uralv3\vendor\codeigniter4\framework\system\CodeIgniter.php(398): CodeIgniter\CodeIgniter->runController(Object(App\Controllers\MerchantSuperAdmin))
#6 F:\xampp\htdocs\uralv3\vendor\codeigniter4\framework\system\CodeIgniter.php(306): CodeIgniter\CodeIgniter->handleRequest(NULL, Object(Config\Cache), false)
#7 F:\xampp\htdocs\uralv3\public\index.php(45): CodeIgniter\CodeIgniter->run()
#8 F:\xampp\htdocs\uralv3\vendor\codeigniter4\framework\system\Commands\Server\rewrite.php(34): require_once('F:\\xampp\\htdocs...')
#9 {main}
CRITICAL - 2021-04-22 14:41:24 --> Call to undefined method CodeIgniter\Database\MySQLi\Result::get()
#0 F:\xampp\htdocs\uralv3\app\Controllers\MerchantSuperAdmin.php(37): App\Models\SuperFunctionsModel->delete_merchant('2')
#1 F:\xampp\htdocs\uralv3\vendor\codeigniter4\framework\system\CodeIgniter.php(910): App\Controllers\MerchantSuperAdmin->delete_merchant('2')
#2 F:\xampp\htdocs\uralv3\vendor\codeigniter4\framework\system\CodeIgniter.php(398): CodeIgniter\CodeIgniter->runController(Object(App\Controllers\MerchantSuperAdmin))
#3 F:\xampp\htdocs\uralv3\vendor\codeigniter4\framework\system\CodeIgniter.php(306): CodeIgniter\CodeIgniter->handleRequest(NULL, Object(Config\Cache), false)
#4 F:\xampp\htdocs\uralv3\public\index.php(45): CodeIgniter\CodeIgniter->run()
#5 F:\xampp\htdocs\uralv3\vendor\codeigniter4\framework\system\Commands\Server\rewrite.php(34): require_once('F:\\xampp\\htdocs...')
#6 {main}
CRITICAL - 2021-04-22 14:42:28 --> Call to undefined method CodeIgniter\Database\MySQLi\Result::get()
#0 F:\xampp\htdocs\uralv3\app\Controllers\MerchantSuperAdmin.php(37): App\Models\SuperFunctionsModel->delete_merchant('1')
#1 F:\xampp\htdocs\uralv3\vendor\codeigniter4\framework\system\CodeIgniter.php(910): App\Controllers\MerchantSuperAdmin->delete_merchant('1')
#2 F:\xampp\htdocs\uralv3\vendor\codeigniter4\framework\system\CodeIgniter.php(398): CodeIgniter\CodeIgniter->runController(Object(App\Controllers\MerchantSuperAdmin))
#3 F:\xampp\htdocs\uralv3\vendor\codeigniter4\framework\system\CodeIgniter.php(306): CodeIgniter\CodeIgniter->handleRequest(NULL, Object(Config\Cache), false)
#4 F:\xampp\htdocs\uralv3\public\index.php(45): CodeIgniter\CodeIgniter->run()
#5 F:\xampp\htdocs\uralv3\vendor\codeigniter4\framework\system\Commands\Server\rewrite.php(34): require_once('F:\\xampp\\htdocs...')
#6 {main}
CRITICAL - 2021-04-22 14:48:25 --> 
#0 F:\xampp\htdocs\uralv3\vendor\codeigniter4\framework\system\HTTP\RedirectResponse.php(92): CodeIgniter\HTTP\Exceptions\HTTPException::forInvalidRedirectRoute('')
#1 F:\xampp\htdocs\uralv3\vendor\codeigniter4\framework\system\Common.php(798): CodeIgniter\HTTP\RedirectResponse->route(false)
#2 F:\xampp\htdocs\uralv3\app\Controllers\MerchantSuperAdmin.php(38): redirect('MerchantSuperAd...')
#3 F:\xampp\htdocs\uralv3\vendor\codeigniter4\framework\system\CodeIgniter.php(910): App\Controllers\MerchantSuperAdmin->delete_merchant('3')
#4 F:\xampp\htdocs\uralv3\vendor\codeigniter4\framework\system\CodeIgniter.php(398): CodeIgniter\CodeIgniter->runController(Object(App\Controllers\MerchantSuperAdmin))
#5 F:\xampp\htdocs\uralv3\vendor\codeigniter4\framework\system\CodeIgniter.php(306): CodeIgniter\CodeIgniter->handleRequest(NULL, Object(Config\Cache), false)
#6 F:\xampp\htdocs\uralv3\public\index.php(45): CodeIgniter\CodeIgniter->run()
#7 F:\xampp\htdocs\uralv3\vendor\codeigniter4\framework\system\Commands\Server\rewrite.php(34): require_once('F:\\xampp\\htdocs...')
#8 {main}
CRITICAL - 2021-04-22 14:54:43 --> syntax error, unexpected 'echo' (T_ECHO)
#0 F:\xampp\htdocs\uralv3\vendor\codeigniter4\framework\system\Common.php(1071): CodeIgniter\View\View->render('merchant/manage...', Array, true)
#1 F:\xampp\htdocs\uralv3\app\Controllers\MerchantSuperAdmin.php(29): view('merchant/manage...', Array)
#2 F:\xampp\htdocs\uralv3\vendor\codeigniter4\framework\system\CodeIgniter.php(910): App\Controllers\MerchantSuperAdmin->view_merchant()
#3 F:\xampp\htdocs\uralv3\vendor\codeigniter4\framework\system\CodeIgniter.php(398): CodeIgniter\CodeIgniter->runController(Object(App\Controllers\MerchantSuperAdmin))
#4 F:\xampp\htdocs\uralv3\vendor\codeigniter4\framework\system\CodeIgniter.php(306): CodeIgniter\CodeIgniter->handleRequest(NULL, Object(Config\Cache), false)
#5 F:\xampp\htdocs\uralv3\public\index.php(45): CodeIgniter\CodeIgniter->run()
#6 F:\xampp\htdocs\uralv3\vendor\codeigniter4\framework\system\Commands\Server\rewrite.php(34): require_once('F:\\xampp\\htdocs...')
#7 {main}
