CRITICAL - 2021-04-26 02:36:17 --> Duplicate entry 'X2C2B2' for key 'delivery_invoice_no'
#0 F:\xampp\htdocs\uralv3\vendor\codeigniter4\framework\system\Database\MySQLi\Connection.php(330): mysqli->query('INSERT INTO `ux...')
#1 F:\xampp\htdocs\uralv3\vendor\codeigniter4\framework\system\Database\BaseConnection.php(738): CodeIgniter\Database\MySQLi\Connection->execute('INSERT INTO `ux...')
#2 F:\xampp\htdocs\uralv3\vendor\codeigniter4\framework\system\Database\BaseConnection.php(666): CodeIgniter\Database\BaseConnection->simpleQuery('INSERT INTO `ux...')
#3 F:\xampp\htdocs\uralv3\vendor\codeigniter4\framework\system\Database\BaseBuilder.php(2206): CodeIgniter\Database\BaseConnection->query('INSERT INTO `ux...', Array, false)
#4 F:\xampp\htdocs\uralv3\app\Models\SuperFunctionsModel.php(70): CodeIgniter\Database\BaseBuilder->insert(Array)
#5 F:\xampp\htdocs\uralv3\app\Controllers\DeliverySuperAdmin.php(42): App\Models\SuperFunctionsModel->add_delivery(Array)
#6 F:\xampp\htdocs\uralv3\vendor\codeigniter4\framework\system\CodeIgniter.php(910): App\Controllers\DeliverySuperAdmin->add_delivery_with_recipient()
#7 F:\xampp\htdocs\uralv3\vendor\codeigniter4\framework\system\CodeIgniter.php(398): CodeIgniter\CodeIgniter->runController(Object(App\Controllers\DeliverySuperAdmin))
#8 F:\xampp\htdocs\uralv3\vendor\codeigniter4\framework\system\CodeIgniter.php(306): CodeIgniter\CodeIgniter->handleRequest(NULL, Object(Config\Cache), false)
#9 F:\xampp\htdocs\uralv3\public\index.php(45): CodeIgniter\CodeIgniter->run()
#10 F:\xampp\htdocs\uralv3\vendor\codeigniter4\framework\system\Commands\Server\rewrite.php(34): require_once('F:\\xampp\\htdocs...')
#11 {main}
CRITICAL - 2021-04-26 02:36:46 --> Duplicate entry 'X2C2B26' for key 'delivery_invoice_no'
#0 F:\xampp\htdocs\uralv3\vendor\codeigniter4\framework\system\Database\MySQLi\Connection.php(330): mysqli->query('INSERT INTO `ux...')
#1 F:\xampp\htdocs\uralv3\vendor\codeigniter4\framework\system\Database\BaseConnection.php(738): CodeIgniter\Database\MySQLi\Connection->execute('INSERT INTO `ux...')
#2 F:\xampp\htdocs\uralv3\vendor\codeigniter4\framework\system\Database\BaseConnection.php(666): CodeIgniter\Database\BaseConnection->simpleQuery('INSERT INTO `ux...')
#3 F:\xampp\htdocs\uralv3\vendor\codeigniter4\framework\system\Database\BaseBuilder.php(2206): CodeIgniter\Database\BaseConnection->query('INSERT INTO `ux...', Array, false)
#4 F:\xampp\htdocs\uralv3\app\Models\SuperFunctionsModel.php(70): CodeIgniter\Database\BaseBuilder->insert(Array)
#5 F:\xampp\htdocs\uralv3\app\Controllers\DeliverySuperAdmin.php(42): App\Models\SuperFunctionsModel->add_delivery(Array)
#6 F:\xampp\htdocs\uralv3\vendor\codeigniter4\framework\system\CodeIgniter.php(910): App\Controllers\DeliverySuperAdmin->add_delivery_with_recipient()
#7 F:\xampp\htdocs\uralv3\vendor\codeigniter4\framework\system\CodeIgniter.php(398): CodeIgniter\CodeIgniter->runController(Object(App\Controllers\DeliverySuperAdmin))
#8 F:\xampp\htdocs\uralv3\vendor\codeigniter4\framework\system\CodeIgniter.php(306): CodeIgniter\CodeIgniter->handleRequest(NULL, Object(Config\Cache), false)
#9 F:\xampp\htdocs\uralv3\public\index.php(45): CodeIgniter\CodeIgniter->run()
#10 F:\xampp\htdocs\uralv3\vendor\codeigniter4\framework\system\Commands\Server\rewrite.php(34): require_once('F:\\xampp\\htdocs...')
#11 {main}
CRITICAL - 2021-04-26 08:37:01 --> Table 'ural_xpress_ci4.users' doesn't exist
#0 F:\xampp\htdocs\uralv3\vendor\codeigniter4\framework\system\Database\MySQLi\Connection.php(330): mysqli->query('SELECT 1\nFROM `...')
#1 F:\xampp\htdocs\uralv3\vendor\codeigniter4\framework\system\Database\BaseConnection.php(738): CodeIgniter\Database\MySQLi\Connection->execute('SELECT 1\nFROM `...')
#2 F:\xampp\htdocs\uralv3\vendor\codeigniter4\framework\system\Database\BaseConnection.php(666): CodeIgniter\Database\BaseConnection->simpleQuery('SELECT 1\nFROM `...')
#3 F:\xampp\htdocs\uralv3\vendor\codeigniter4\framework\system\Database\BaseBuilder.php(1819): CodeIgniter\Database\BaseConnection->query('SELECT 1\nFROM `...', Array, false)
#4 F:\xampp\htdocs\uralv3\vendor\codeigniter4\framework\system\Validation\Rules.php(237): CodeIgniter\Database\BaseBuilder->get()
#5 F:\xampp\htdocs\uralv3\vendor\codeigniter4\framework\system\Validation\Validation.php(279): CodeIgniter\Validation\Rules->is_unique('admin@admin.com', 'email', Array, NULL)
#6 F:\xampp\htdocs\uralv3\vendor\codeigniter4\framework\system\Validation\Validation.php(175): CodeIgniter\Validation\Validation->processRules('email', 'email', 'admin@admin.com', Array, Array)
#7 F:\xampp\htdocs\uralv3\vendor\codeigniter4\framework\system\Controller.php(220): CodeIgniter\Validation\Validation->run()
#8 F:\xampp\htdocs\uralv3\app\Controllers\Users.php(77): CodeIgniter\Controller->validate(Array)
#9 F:\xampp\htdocs\uralv3\vendor\codeigniter4\framework\system\CodeIgniter.php(910): App\Controllers\Users->register()
#10 F:\xampp\htdocs\uralv3\vendor\codeigniter4\framework\system\CodeIgniter.php(398): CodeIgniter\CodeIgniter->runController(Object(App\Controllers\Users))
#11 F:\xampp\htdocs\uralv3\vendor\codeigniter4\framework\system\CodeIgniter.php(306): CodeIgniter\CodeIgniter->handleRequest(NULL, Object(Config\Cache), false)
#12 F:\xampp\htdocs\uralv3\public\index.php(45): CodeIgniter\CodeIgniter->run()
#13 F:\xampp\htdocs\uralv3\vendor\codeigniter4\framework\system\Commands\Server\rewrite.php(34): require_once('F:\\xampp\\htdocs...')
#14 {main}
CRITICAL - 2021-04-26 08:44:19 --> Table 'ural_xpress_ci4.users' doesn't exist
#0 F:\xampp\htdocs\uralv3\vendor\codeigniter4\framework\system\Database\MySQLi\Connection.php(330): mysqli->query('SELECT 1\nFROM `...')
#1 F:\xampp\htdocs\uralv3\vendor\codeigniter4\framework\system\Database\BaseConnection.php(738): CodeIgniter\Database\MySQLi\Connection->execute('SELECT 1\nFROM `...')
#2 F:\xampp\htdocs\uralv3\vendor\codeigniter4\framework\system\Database\BaseConnection.php(666): CodeIgniter\Database\BaseConnection->simpleQuery('SELECT 1\nFROM `...')
#3 F:\xampp\htdocs\uralv3\vendor\codeigniter4\framework\system\Database\BaseBuilder.php(1819): CodeIgniter\Database\BaseConnection->query('SELECT 1\nFROM `...', Array, false)
#4 F:\xampp\htdocs\uralv3\vendor\codeigniter4\framework\system\Validation\Rules.php(237): CodeIgniter\Database\BaseBuilder->get()
#5 F:\xampp\htdocs\uralv3\vendor\codeigniter4\framework\system\Validation\Validation.php(279): CodeIgniter\Validation\Rules->is_unique('admin@admin.com', 'email', Array, NULL)
#6 F:\xampp\htdocs\uralv3\vendor\codeigniter4\framework\system\Validation\Validation.php(175): CodeIgniter\Validation\Validation->processRules('email', 'email', 'admin@admin.com', Array, Array)
#7 F:\xampp\htdocs\uralv3\vendor\codeigniter4\framework\system\Controller.php(220): CodeIgniter\Validation\Validation->run()
#8 F:\xampp\htdocs\uralv3\app\Controllers\Users.php(77): CodeIgniter\Controller->validate(Array)
#9 F:\xampp\htdocs\uralv3\vendor\codeigniter4\framework\system\CodeIgniter.php(910): App\Controllers\Users->register()
#10 F:\xampp\htdocs\uralv3\vendor\codeigniter4\framework\system\CodeIgniter.php(398): CodeIgniter\CodeIgniter->runController(Object(App\Controllers\Users))
#11 F:\xampp\htdocs\uralv3\vendor\codeigniter4\framework\system\CodeIgniter.php(306): CodeIgniter\CodeIgniter->handleRequest(NULL, Object(Config\Cache), false)
#12 F:\xampp\htdocs\uralv3\public\index.php(45): CodeIgniter\CodeIgniter->run()
#13 F:\xampp\htdocs\uralv3\vendor\codeigniter4\framework\system\Commands\Server\rewrite.php(34): require_once('F:\\xampp\\htdocs...')
#14 {main}
